[2015-11-19 16:04:13] name.WARNING: Foo [] []
[2015-11-19 16:04:13] name.ERROR: Bar [] []
[2015-11-19 16:06:18] api.WARNING: Foo [] []
[2015-11-19 16:06:18] api.ERROR: Bar [] []
[2015-11-19 16:06:18] api.WARNING: Foo [] []
[2015-11-19 16:06:18] api.ERROR: Bar [] []
[2015-11-19 16:06:19] api.WARNING: Foo [] []
[2015-11-19 16:06:19] api.ERROR: Bar [] []
[2015-11-19 16:06:20] api.WARNING: Foo [] []
[2015-11-19 16:06:20] api.ERROR: Bar [] []
[2015-11-19 16:08:39] api.WARNING: Foo [] []
[2015-11-19 16:08:39] api.ERROR: Bar [] []
[2015-11-19 16:08:40] api.WARNING: Foo [] []
[2015-11-19 16:08:40] api.ERROR: Bar [] []
[2015-11-19 16:08:41] api.WARNING: Foo [] []
[2015-11-19 16:08:41] api.ERROR: Bar [] []
[2015-11-19 16:08:41] api.WARNING: Foo [] []
[2015-11-19 16:08:41] api.ERROR: Bar [] []
[2015-11-19 16:11:05] api.WARNING: Hello [] []
[2015-11-19 16:11:05] api.ERROR: Boy [] []
[2015-11-19 16:11:07] api.WARNING: Hello [] []
[2015-11-19 16:11:07] api.ERROR: Boy [] []
